This is pdfTeX, Version 3.141592653-2.6-1.40.26 (TeX Live 2024) (preloaded format=pdflatex 2024.3.22)  6 FEB 2025 22:34
entering extended mode
 restricted \write18 enabled.
 file:line:error style messages enabled.
 %&-line parsing enabled.
**"d:/Â≠¶‰π†ËµÑÊñô/Á¨îËÆ∞/Real Analysis/notes/Real Analysis/Real Analysis Notes.tex"
(d:/Â≠¶‰π†ËµÑÊñô/Á¨îËÆ∞/Real Analysis/notes/Real Analysis/Real Analysis Notes.tex
LaTeX2e <2023-11-01> patch level 1
L3 programming layer <2024-02-20>
(d:/texlive/texlive/2024/texmf-dist/tex/latex/ctex/ctexbook.cls (d:/texlive/texlive/2024/texmf-dist/tex/latex/ctex/config/ctexbackend.cfg
File: ctexbackend.cfg 2022/07/14 v2.5.10 Backend configuration file (CTEX)
) (d:/texlive/texlive/2024/texmf-dist/tex/latex/l3kernel/expl3.sty
Package: expl3 2024-02-20 L3 programming layer (loader) 
 (d:/texlive/texlive/2024/texmf-dist/tex/latex/l3backend/l3backend-pdftex.def
File: l3backend-pdftex.def 2024-02-20 L3 backend support: PDF output (pdfTeX)
\l__color_backend_stack_int=\count188
\l__pdf_internal_box=\box51
))
Document Class: ctexbook 2022/07/14 v2.5.10 Chinese adapter for class book (CTEX)
(d:/texlive/texlive/2024/texmf-dist/tex/latex/ctex/ctexhook.sty
Package: ctexhook 2022/07/14 v2.5.10 Document and package hooks (CTEX)
) (d:/texlive/texlive/2024/texmf-dist/tex/latex/ctex/ctexpatch.sty
Package: ctexpatch 2022/07/14 v2.5.10 Patching commands (CTEX)
) (d:/texlive/texlive/2024/texmf-dist/tex/latex/base/fix-cm.sty
Package: fix-cm 2020/11/24 v1.1t fixes to LaTeX
 (d:/texlive/texlive/2024/texmf-dist/tex/latex/base/ts1enc.def
File: ts1enc.def 2001/06/05 v3.0e (jk/car/fm) Standard LaTeX file
LaTeX Font Info:    Redeclaring font encoding TS1 on input line 47.
))
\l__ctex_tmp_int=\count189
\l__ctex_tmp_box=\box52
\l__ctex_tmp_dim=\dimen140
\g__ctex_section_depth_int=\count190
\g__ctex_font_size_int=\count191
 (d:/texlive/texlive/2024/texmf-dist/tex/latex/ctex/config/ctexopts.cfg
File: ctexopts.cfg 2022/07/14 v2.5.10 Option configuration file (CTEX)
)

Class ctexbook Warning: UTF8 will be used as the default encoding.

(d:/texlive/texlive/2024/texmf-dist/tex/latex/base/book.cls
Document Class: book 2023/05/17 v1.4n Standard LaTeX document class
(d:/texlive/texlive/2024/texmf-dist/tex/latex/base/bk12.clo
File: bk12.clo 2023/05/17 v1.4n Standard LaTeX file (size option)
)
\c@part=\count192
\c@chapter=\count193
\c@section=\count194
\c@subsection=\count195
\c@subsubsection=\count196
\c@paragraph=\count197
\c@subparagraph=\count198
\c@figure=\count199
\c@table=\count266
\abovecaptionskip=\skip48
\belowcaptionskip=\skip49
\bibindent=\dimen141
) (d:/texlive/texlive/2024/texmf-dist/tex/latex/ctex/engine/ctex-engine-pdftex.def
File: ctex-engine-pdftex.def 2022/07/14 v2.5.10 (pdf)LaTeX adapter (CTEX)
 (d:/texlive/texlive/2024/texmf-dist/tex/latex/cjk/texinput/CJKutf8.sty
Package: CJKutf8 2021/10/16 4.8.5
 (d:/texlive/texlive/2024/texmf-dist/tex/generic/iftex/ifpdf.sty
Package: ifpdf 2019/10/25 v3.4 ifpdf legacy package. Use iftex instead.
 (d:/texlive/texlive/2024/texmf-dist/tex/generic/iftex/iftex.sty
Package: iftex 2022/02/03 v1.0f TeX engine tests
)) (d:/texlive/texlive/2024/texmf-dist/tex/latex/base/inputenc.sty
Package: inputenc 2021/02/14 v1.3d Input encoding file
\inpenc@prehook=\toks17
\inpenc@posthook=\toks18
) (d:/texlive/texlive/2024/texmf-dist/tex/latex/cjk/texinput/CJK.sty
Package: CJK 2021/10/16 4.8.5
 (d:/texlive/texlive/2024/texmf-dist/tex/latex/cjk/texinput/mule/MULEenc.sty
Package: MULEenc 2021/10/16 4.8.5
) (d:/texlive/texlive/2024/texmf-dist/tex/latex/cjk/texinput/CJK.enc
File: CJK.enc 2021/10/16 4.8.5
Now handling font encoding C00 ...
... no UTF-8 mapping file for font encoding C00
Now handling font encoding C05 ...
... no UTF-8 mapping file for font encoding C05
Now handling font encoding C09 ...
... no UTF-8 mapping file for font encoding C09
Now handling font encoding C10 ...
... no UTF-8 mapping file for font encoding C10
Now handling font encoding C20 ...
... no UTF-8 mapping file for font encoding C20
Now handling font encoding C19 ...
... no UTF-8 mapping file for font encoding C19
Now handling font encoding C40 ...
... no UTF-8 mapping file for font encoding C40
Now handling font encoding C42 ...
... no UTF-8 mapping file for font encoding C42
Now handling font encoding C43 ...
... no UTF-8 mapping file for font encoding C43
Now handling font encoding C50 ...
... no UTF-8 mapping file for font encoding C50
Now handling font encoding C52 ...
... no UTF-8 mapping file for font encoding C52
Now handling font encoding C49 ...
... no UTF-8 mapping file for font encoding C49
Now handling font encoding C60 ...
... no UTF-8 mapping file for font encoding C60
Now handling font encoding C61 ...
... no UTF-8 mapping file for font encoding C61
Now handling font encoding C63 ...
... no UTF-8 mapping file for font encoding C63
Now handling font encoding C64 ...
... no UTF-8 mapping file for font encoding C64
Now handling font encoding C65 ...
... no UTF-8 mapping file for font encoding C65
Now handling font encoding C70 ...
... no UTF-8 mapping file for font encoding C70
Now handling font encoding C31 ...
... no UTF-8 mapping file for font encoding C31
Now handling font encoding C32 ...
... no UTF-8 mapping file for font encoding C32
Now handling font encoding C33 ...
... no UTF-8 mapping file for font encoding C33
Now handling font encoding C34 ...
... no UTF-8 mapping file for font encoding C34
Now handling font encoding C35 ...
... no UTF-8 mapping file for font encoding C35
Now handling font encoding C36 ...
... no UTF-8 mapping file for font encoding C36
Now handling font encoding C37 ...
... no UTF-8 mapping file for font encoding C37
Now handling font encoding C80 ...
... no UTF-8 mapping file for font encoding C80
Now handling font encoding C81 ...
... no UTF-8 mapping file for font encoding C81
Now handling font encoding C01 ...
... no UTF-8 mapping file for font encoding C01
Now handling font encoding C11 ...
... no UTF-8 mapping file for font encoding C11
Now handling font encoding C21 ...
... no UTF-8 mapping file for font encoding C21
Now handling font encoding C41 ...
... no UTF-8 mapping file for font encoding C41
Now handling font encoding C62 ...
... no UTF-8 mapping file for font encoding C62
)
\CJK@indent=\box53
) (d:/texlive/texlive/2024/texmf-dist/tex/latex/base/fontenc.sty
Package: fontenc 2021/04/29 v2.0v Standard LaTeX package
)) (d:/texlive/texlive/2024/texmf-dist/tex/latex/cjkpunct/CJKpunct.sty
Package: CJKpunct 2016/05/14 4.8.4
\CJKpunct@cnta=\count267
\CJKpunct@cntb=\count268
\CJKpunct@cntc=\count269
\CJKpunct@cntd=\count270
\CJKpunct@cnte=\count271
   defining Unicode char U+2018 (decimal 8216)
   defining Unicode char U+2019 (decimal 8217)
   defining Unicode char U+201C (decimal 8220)
   defining Unicode char U+201D (decimal 8221)
   defining Unicode char U+2014 (decimal 8212)
   defining Unicode char U+2026 (decimal 8230)
 (d:/texlive/texlive/2024/texmf-dist/tex/latex/cjkpunct/CJKpunct.spa)) (d:/texlive/texlive/2024/texmf-dist/tex/latex/cjk/texinput/CJKspace.sty
Package: CJKspace 2021/10/16 3.8.0
) (d:/texlive/texlive/2024/texmf-dist/tex/latex/cjk/texinput/UTF8/UTF8.bdg
File: UTF8.bdg 2021/10/16 4.8.5
) (d:/texlive/texlive/2024/texmf-dist/tex/latex/ctex/ctexspa.def
File: ctexspa.def 2022/07/14 v2.5.10 Space info for CJKpunct (CTEX)
)
\ccwd=\dimen142
\l__ctex_ccglue_skip=\skip50
)
\l__ctex_ziju_dim=\dimen143
 (d:/texlive/texlive/2024/texmf-dist/tex/latex/zhnumber/zhnumber.sty
Package: zhnumber 2022/07/14 v3.0 Typesetting numbers with Chinese glyphs
\l__zhnum_scale_int=\count272
\l__zhnum_tmp_int=\count273
 (d:/texlive/texlive/2024/texmf-dist/tex/latex/zhnumber/zhnumber-utf8.cfg
File: zhnumber-utf8.cfg 2022/07/14 v3.0 Chinese numerals with UTF8 encoding
))
\l__ctex_heading_skip=\skip51
 (d:/texlive/texlive/2024/texmf-dist/tex/latex/ctex/scheme/ctex-scheme-chinese-book.def
File: ctex-scheme-chinese-book.def 2022/07/14 v2.5.10 Chinese scheme for book (CTEX)
 (d:/texlive/texlive/2024/texmf-dist/tex/latex/ctex/config/ctex-name-utf8.cfg
File: ctex-name-utf8.cfg 2022/07/14 v2.5.10 Caption with encoding UTF-8 (CTEX)
)) (d:/texlive/texlive/2024/texmf-dist/tex/latex/ctex/fontset/ctex-fontset-windows.def
File: ctex-fontset-windows.def 2022/07/14 v2.5.10 Windows fonts definition (CTEX)
)) (d:/texlive/texlive/2024/texmf-dist/tex/latex/ctex/config/ctex.cfg
File: ctex.cfg 2022/07/14 v2.5.10 Configuration file (CTEX)
) (d:/texlive/texlive/2024/texmf-dist/tex/latex/amsmath/amsmath.sty
Package: amsmath 2023/05/13 v2.17o AMS math features
\@mathmargin=\skip52

For additional information on amsmath, use the `?' option.
(d:/texlive/texlive/2024/texmf-dist/tex/latex/amsmath/amstext.sty
Package: amstext 2021/08/26 v2.01 AMS text
 (d:/texlive/texlive/2024/texmf-dist/tex/latex/amsmath/amsgen.sty
File: amsgen.sty 1999/11/30 v2.0 generic functions
\@emptytoks=\toks19
\ex@=\dimen144
)) (d:/texlive/texlive/2024/texmf-dist/tex/latex/amsmath/amsbsy.sty
Package: amsbsy 1999/11/29 v1.2d Bold Symbols
\pmbraise@=\dimen145
) (d:/texlive/texlive/2024/texmf-dist/tex/latex/amsmath/amsopn.sty
Package: amsopn 2022/04/08 v2.04 operator names
)
\inf@bad=\count274
LaTeX Info: Redefining \frac on input line 234.
\uproot@=\count275
\leftroot@=\count276
LaTeX Info: Redefining \overline on input line 399.
LaTeX Info: Redefining \colon on input line 410.
\classnum@=\count277
\DOTSCASE@=\count278
LaTeX Info: Redefining \ldots on input line 496.
LaTeX Info: Redefining \dots on input line 499.
LaTeX Info: Redefining \cdots on input line 620.
\Mathstrutbox@=\box54
\strutbox@=\box55
LaTeX Info: Redefining \big on input line 722.
LaTeX Info: Redefining \Big on input line 723.
LaTeX Info: Redefining \bigg on input line 724.
LaTeX Info: Redefining \Bigg on input line 725.
\big@size=\dimen146
LaTeX Font Info:    Redeclaring font encoding OML on input line 743.
LaTeX Font Info:    Redeclaring font encoding OMS on input line 744.
\macc@depth=\count279
LaTeX Info: Redefining \bmod on input line 905.
LaTeX Info: Redefining \pmod on input line 910.
LaTeX Info: Redefining \smash on input line 940.
LaTeX Info: Redefining \relbar on input line 970.
LaTeX Info: Redefining \Relbar on input line 971.
\c@MaxMatrixCols=\count280
\dotsspace@=\muskip16
\c@parentequation=\count281
\dspbrk@lvl=\count282
\tag@help=\toks20
\row@=\count283
\column@=\count284
\maxfields@=\count285
\andhelp@=\toks21
\eqnshift@=\dimen147
\alignsep@=\dimen148
\tagshift@=\dimen149
\tagwidth@=\dimen150
\totwidth@=\dimen151
\lineht@=\dimen152
\@envbody=\toks22
\multlinegap=\skip53
\multlinetaggap=\skip54
\mathdisplay@stack=\toks23
LaTeX Info: Redefining \[ on input line 2953.
LaTeX Info: Redefining \] on input line 2954.
) (d:/texlive/texlive/2024/texmf-dist/tex/latex/amscls/amsthm.sty
Package: amsthm 2020/05/29 v2.20.6
\thm@style=\toks24
\thm@bodyfont=\toks25
\thm@headfont=\toks26
\thm@notefont=\toks27
\thm@headpunct=\toks28
\thm@preskip=\skip55
\thm@postskip=\skip56
\thm@headsep=\skip57
\dth@everypar=\toks29
) (d:/texlive/texlive/2024/texmf-dist/tex/latex/amsfonts/amssymb.sty
Package: amssymb 2013/01/14 v3.01 AMS font symbols
 (d:/texlive/texlive/2024/texmf-dist/tex/latex/amsfonts/amsfonts.sty
Package: amsfonts 2013/01/14 v3.01 Basic AMSFonts support
\symAMSa=\mathgroup4
\symAMSb=\mathgroup5
LaTeX Font Info:    Redeclaring math symbol \hbar on input line 98.
LaTeX Font Info:    Overwriting math alphabet `\mathfrak' in version `bold'
(Font)                  U/euf/m/n --> U/euf/b/n on input line 106.
)) (d:/texlive/texlive/2024/texmf-dist/tex/latex/tools/bm.sty
Package: bm 2023/07/08 v1.2f Bold Symbol Support (DPC/FMi)
\symboldoperators=\mathgroup6
\symboldletters=\mathgroup7
\symboldsymbols=\mathgroup8
Package bm Info: No bold for \OMX/cmex/m/n, using \pmb.
Package bm Info: No bold for \U/msa/m/n, using \pmb.
Package bm Info: No bold for \U/msb/m/n, using \pmb.
LaTeX Font Info:    Redeclaring math alphabet \mathbf on input line 149.
) (d:/texlive/texlive/2024/texmf-dist/tex/latex/graphics/graphicx.sty
Package: graphicx 2021/09/16 v1.2d Enhanced LaTeX Graphics (DPC,SPQR)
 (d:/texlive/texlive/2024/texmf-dist/tex/latex/graphics/keyval.sty
Package: keyval 2022/05/29 v1.15 key=value parser (DPC)
\KV@toks@=\toks30
) (d:/texlive/texlive/2024/texmf-dist/tex/latex/graphics/graphics.sty
Package: graphics 2022/03/10 v1.4e Standard LaTeX Graphics (DPC,SPQR)
 (d:/texlive/texlive/2024/texmf-dist/tex/latex/graphics/trig.sty
Package: trig 2021/08/11 v1.11 sin cos tan (DPC)
) (d:/texlive/texlive/2024/texmf-dist/tex/latex/graphics-cfg/graphics.cfg
File: graphics.cfg 2016/06/04 v1.11 sample graphics configuration
)
Package graphics Info: Driver file: pdftex.def on input line 107.
 (d:/texlive/texlive/2024/texmf-dist/tex/latex/graphics-def/pdftex.def
File: pdftex.def 2022/09/22 v1.2b Graphics/color driver for pdftex
))
\Gin@req@height=\dimen153
\Gin@req@width=\dimen154
) (d:/texlive/texlive/2024/texmf-dist/tex/latex/hyperref/hyperref.sty
Package: hyperref 2024-01-20 v7.01h Hypertext links for LaTeX
 (d:/texlive/texlive/2024/texmf-dist/tex/latex/kvsetkeys/kvsetkeys.sty
Package: kvsetkeys 2022-10-05 v1.19 Key value parser (HO)
) (d:/texlive/texlive/2024/texmf-dist/tex/generic/kvdefinekeys/kvdefinekeys.sty
Package: kvdefinekeys 2019-12-19 v1.6 Define keys (HO)
) (d:/texlive/texlive/2024/texmf-dist/tex/generic/pdfescape/pdfescape.sty
Package: pdfescape 2019/12/09 v1.15 Implements pdfTeX's escape features (HO)
 (d:/texlive/texlive/2024/texmf-dist/tex/generic/ltxcmds/ltxcmds.sty
Package: ltxcmds 2023-12-04 v1.26 LaTeX kernel commands for general use (HO)
) (d:/texlive/texlive/2024/texmf-dist/tex/generic/pdftexcmds/pdftexcmds.sty
Package: pdftexcmds 2020-06-27 v0.33 Utility functions of pdfTeX for LuaTeX (HO)
 (d:/texlive/texlive/2024/texmf-dist/tex/generic/infwarerr/infwarerr.sty
Package: infwarerr 2019/12/03 v1.5 Providing info/warning/error messages (HO)
)
Package pdftexcmds Info: \pdf@primitive is available.
Package pdftexcmds Info: \pdf@ifprimitive is available.
Package pdftexcmds Info: \pdfdraftmode found.
)) (d:/texlive/texlive/2024/texmf-dist/tex/latex/hycolor/hycolor.sty
Package: hycolor 2020-01-27 v1.10 Color options for hyperref/bookmark (HO)
) (d:/texlive/texlive/2024/texmf-dist/tex/latex/auxhook/auxhook.sty
Package: auxhook 2019-12-17 v1.6 Hooks for auxiliary files (HO)
) (d:/texlive/texlive/2024/texmf-dist/tex/latex/hyperref/nameref.sty
Package: nameref 2023-11-26 v2.56 Cross-referencing by name of section
 (d:/texlive/texlive/2024/texmf-dist/tex/latex/refcount/refcount.sty
Package: refcount 2019/12/15 v3.6 Data extraction from label references (HO)
) (d:/texlive/texlive/2024/texmf-dist/tex/generic/gettitlestring/gettitlestring.sty
Package: gettitlestring 2019/12/15 v1.6 Cleanup title references (HO)
 (d:/texlive/texlive/2024/texmf-dist/tex/latex/kvoptions/kvoptions.sty
Package: kvoptions 2022-06-15 v3.15 Key value format for package options (HO)
))
\c@section@level=\count286
) (d:/texlive/texlive/2024/texmf-dist/tex/latex/etoolbox/etoolbox.sty
Package: etoolbox 2020/10/05 v2.5k e-TeX tools for LaTeX (JAW)
\etb@tempcnta=\count287
)
\@linkdim=\dimen155
\Hy@linkcounter=\count288
\Hy@pagecounter=\count289
 (d:/texlive/texlive/2024/texmf-dist/tex/latex/hyperref/pd1enc.def
File: pd1enc.def 2024-01-20 v7.01h Hyperref: PDFDocEncoding definition (HO)
Now handling font encoding PD1 ...
... no UTF-8 mapping file for font encoding PD1
) (d:/texlive/texlive/2024/texmf-dist/tex/generic/intcalc/intcalc.sty
Package: intcalc 2019/12/15 v1.3 Expandable calculations with integers (HO)
)
\Hy@SavedSpaceFactor=\count290
 (d:/texlive/texlive/2024/texmf-dist/tex/latex/hyperref/puenc.def
File: puenc.def 2024-01-20 v7.01h Hyperref: PDF Unicode definition (HO)
Now handling font encoding PU ...
... no UTF-8 mapping file for font encoding PU
)
Package hyperref Info: Option `unicode' set `true' on input line 4062.
Package hyperref Info: Hyper figures OFF on input line 4179.
Package hyperref Info: Link nesting OFF on input line 4184.
Package hyperref Info: Hyper index ON on input line 4187.
Package hyperref Info: Plain pages OFF on input line 4194.
Package hyperref Info: Backreferencing OFF on input line 4199.
Package hyperref Info: Implicit mode ON; LaTeX internals redefined.
Package hyperref Info: Bookmarks ON on input line 4446.
\c@Hy@tempcnt=\count291
 (d:/texlive/texlive/2024/texmf-dist/tex/latex/url/url.sty
\Urlmuskip=\muskip17
Package: url 2013/09/16  ver 3.4  Verb mode for urls, etc.
)
LaTeX Info: Redefining \url on input line 4784.
\XeTeXLinkMargin=\dimen156
 (d:/texlive/texlive/2024/texmf-dist/tex/generic/bitset/bitset.sty
Package: bitset 2019/12/09 v1.3 Handle bit-vector datatype (HO)
 (d:/texlive/texlive/2024/texmf-dist/tex/generic/bigintcalc/bigintcalc.sty
Package: bigintcalc 2019/12/15 v1.5 Expandable calculations on big integers (HO)
))
\Fld@menulength=\count292
\Field@Width=\dimen157
\Fld@charsize=\dimen158
Package hyperref Info: Hyper figures OFF on input line 6063.
Package hyperref Info: Link nesting OFF on input line 6068.
Package hyperref Info: Hyper index ON on input line 6071.
Package hyperref Info: backreferencing OFF on input line 6078.
Package hyperref Info: Link coloring OFF on input line 6083.
Package hyperref Info: Link coloring with OCG OFF on input line 6088.
Package hyperref Info: PDF/A mode OFF on input line 6093.
 (d:/texlive/texlive/2024/texmf-dist/tex/latex/base/atbegshi-ltx.sty
Package: atbegshi-ltx 2021/01/10 v1.0c Emulation of the original atbegshi
package with kernel methods
)
\Hy@abspage=\count293
\c@Item=\count294
\c@Hfootnote=\count295
)
Package hyperref Info: Driver (autodetected): hpdftex.
 (d:/texlive/texlive/2024/texmf-dist/tex/latex/hyperref/hpdftex.def
File: hpdftex.def 2024-01-20 v7.01h Hyperref driver for pdfTeX
 (d:/texlive/texlive/2024/texmf-dist/tex/latex/base/atveryend-ltx.sty
Package: atveryend-ltx 2020/08/19 v1.0a Emulation of the original atveryend package
with kernel methods
)
\Fld@listcount=\count296
\c@bookmark@seq@number=\count297
 (d:/texlive/texlive/2024/texmf-dist/tex/latex/rerunfilecheck/rerunfilecheck.sty
Package: rerunfilecheck 2022-07-10 v1.10 Rerun checks for auxiliary files (HO)
 (d:/texlive/texlive/2024/texmf-dist/tex/generic/uniquecounter/uniquecounter.sty
Package: uniquecounter 2019/12/15 v1.4 Provide unlimited unique counter (HO)
)
Package uniquecounter Info: New unique counter `rerunfilecheck' on input line 285.
)
\Hy@SectionHShift=\skip58
) (d:/texlive/texlive/2024/texmf-dist/tex/latex/jknapltx/mathrsfs.sty
Package: mathrsfs 1996/01/01 Math RSFS package v1.0 (jk)
\symrsfs=\mathgroup9
)
\c@theorem=\count298
 (d:/texlive/texlive/2024/texmf-dist/tex/latex/cjk/texinput/UTF8/UTF8.enc
File: UTF8.enc 2021/10/16 4.8.5
) (d:/texlive/texlive/2024/texmf-dist/tex/latex/cjk/texinput/UTF8/UTF8.chr
File: UTF8.chr 2021/10/16 4.8.5
) (./Real Analysis Notes.aux)
\openout1 = `"Real Analysis Notes.aux"'.

LaTeX Font Info:    Checking defaults for OML/cmm/m/it on input line 15.
LaTeX Font Info:    ... okay on input line 15.
LaTeX Font Info:    Checking defaults for OMS/cmsy/m/n on input line 15.
LaTeX Font Info:    ... okay on input line 15.
LaTeX Font Info:    Checking defaults for OT1/cmr/m/n on input line 15.
LaTeX Font Info:    ... okay on input line 15.
LaTeX Font Info:    Checking defaults for T1/cmr/m/n on input line 15.
LaTeX Font Info:    ... okay on input line 15.
LaTeX Font Info:    Checking defaults for TS1/cmr/m/n on input line 15.
LaTeX Font Info:    ... okay on input line 15.
LaTeX Font Info:    Checking defaults for OMX/cmex/m/n on input line 15.
LaTeX Font Info:    ... okay on input line 15.
LaTeX Font Info:    Checking defaults for U/cmr/m/n on input line 15.
LaTeX Font Info:    ... okay on input line 15.
LaTeX Font Info:    Checking defaults for C00/song/m/n on input line 15.
LaTeX Font Info:    ... okay on input line 15.
LaTeX Font Info:    Checking defaults for C05/song/m/n on input line 15.
LaTeX Font Info:    ... okay on input line 15.
LaTeX Font Info:    Checking defaults for C09/song/m/n on input line 15.
LaTeX Font Info:    ... okay on input line 15.
LaTeX Font Info:    Checking defaults for C10/song/m/n on input line 15.
LaTeX Font Info:    ... okay on input line 15.
LaTeX Font Info:    Checking defaults for C20/song/m/n on input line 15.
LaTeX Font Info:    ... okay on input line 15.
LaTeX Font Info:    Checking defaults for C19/song/m/n on input line 15.
LaTeX Font Info:    ... okay on input line 15.
LaTeX Font Info:    Checking defaults for C40/song/m/n on input line 15.
LaTeX Font Info:    ... okay on input line 15.
LaTeX Font Info:    Checking defaults for C42/song/m/n on input line 15.
LaTeX Font Info:    ... okay on input line 15.
LaTeX Font Info:    Checking defaults for C43/song/m/n on input line 15.
LaTeX Font Info:    ... okay on input line 15.
LaTeX Font Info:    Checking defaults for C50/song/m/n on input line 15.
LaTeX Font Info:    ... okay on input line 15.
LaTeX Font Info:    Checking defaults for C52/song/m/n on input line 15.
LaTeX Font Info:    ... okay on input line 15.
LaTeX Font Info:    Checking defaults for C49/song/m/n on input line 15.
LaTeX Font Info:    ... okay on input line 15.
LaTeX Font Info:    Checking defaults for C60/mj/m/n on input line 15.
LaTeX Font Info:    ... okay on input line 15.
LaTeX Font Info:    Checking defaults for C61/mj/m/n on input line 15.
LaTeX Font Info:    ... okay on input line 15.
LaTeX Font Info:    Checking defaults for C63/mj/m/n on input line 15.
LaTeX Font Info:    ... okay on input line 15.
LaTeX Font Info:    Checking defaults for C64/mj/m/n on input line 15.
LaTeX Font Info:    ... okay on input line 15.
LaTeX Font Info:    Checking defaults for C65/mj/m/n on input line 15.
LaTeX Font Info:    ... okay on input line 15.
LaTeX Font Info:    Checking defaults for C70/song/m/n on input line 15.
LaTeX Font Info:    ... okay on input line 15.
LaTeX Font Info:    Checking defaults for C31/song/m/n on input line 15.
LaTeX Font Info:    ... okay on input line 15.
LaTeX Font Info:    Checking defaults for C32/song/m/n on input line 15.
LaTeX Font Info:    ... okay on input line 15.
LaTeX Font Info:    Checking defaults for C33/song/m/n on input line 15.
LaTeX Font Info:    ... okay on input line 15.
LaTeX Font Info:    Checking defaults for C34/song/m/n on input line 15.
LaTeX Font Info:    ... okay on input line 15.
LaTeX Font Info:    Checking defaults for C35/song/m/n on input line 15.
LaTeX Font Info:    ... okay on input line 15.
LaTeX Font Info:    Checking defaults for C36/song/m/n on input line 15.
LaTeX Font Info:    ... okay on input line 15.
LaTeX Font Info:    Checking defaults for C37/song/m/n on input line 15.
LaTeX Font Info:    ... okay on input line 15.
LaTeX Font Info:    Checking defaults for C80/song/m/n on input line 15.
LaTeX Font Info:    ... okay on input line 15.
LaTeX Font Info:    Checking defaults for C81/song/m/n on input line 15.
LaTeX Font Info:    ... okay on input line 15.
LaTeX Font Info:    Checking defaults for C01/song/m/n on input line 15.
LaTeX Font Info:    ... okay on input line 15.
LaTeX Font Info:    Checking defaults for C11/song/m/n on input line 15.
LaTeX Font Info:    ... okay on input line 15.
LaTeX Font Info:    Checking defaults for C21/song/m/n on input line 15.
LaTeX Font Info:    ... okay on input line 15.
LaTeX Font Info:    Checking defaults for C41/song/m/n on input line 15.
LaTeX Font Info:    ... okay on input line 15.
LaTeX Font Info:    Checking defaults for C62/song/m/n on input line 15.
LaTeX Font Info:    ... okay on input line 15.
LaTeX Font Info:    Checking defaults for PD1/pdf/m/n on input line 15.
LaTeX Font Info:    ... okay on input line 15.
LaTeX Font Info:    Checking defaults for PU/pdf/m/n on input line 15.
LaTeX Font Info:    ... okay on input line 15.
 (d:/texlive/texlive/2024/texmf-dist/tex/context/base/mkii/supp-pdf.mkii
[Loading MPS to PDF converter (version 2006.09.02).]
\scratchcounter=\count299
\scratchdimen=\dimen159
\scratchbox=\box56
\nofMPsegments=\count300
\nofMParguments=\count301
\everyMPshowfont=\toks31
\MPscratchCnt=\count302
\MPscratchDim=\dimen160
\MPnumerator=\count303
\makeMPintoPDFobject=\count304
\everyMPtoPDFconversion=\toks32
) (d:/texlive/texlive/2024/texmf-dist/tex/latex/epstopdf-pkg/epstopdf-base.sty
Package: epstopdf-base 2020-01-24 v2.11 Base part for package epstopdf
Package epstopdf-base Info: Redefining graphics rule for `.eps' on input line 485.
 (d:/texlive/texlive/2024/texmf-dist/tex/latex/latexconfig/epstopdf-sys.cfg
File: epstopdf-sys.cfg 2010/07/13 v1.3 Configuration of (r)epstopdf for TeX Live
))
Package hyperref Info: Link coloring OFF on input line 15.
 (./Real Analysis Notes.out) (./Real Analysis Notes.out)
\@outlinefile=\write3
\openout3 = `"Real Analysis Notes.out"'.

LaTeX Font Info:    Trying to load font information for C70+rm on input line 18.
 (d:/texlive/texlive/2024/texmf-dist/tex/latex/ctex/fd/c70rm.fd
File: c70rm.fd 2022/07/14 v2.5.10 Chinese font definition (CTEX)
)
Package CJKpunct Info: use punctuation spaces for family 'rm' with punctstyle (quanjiao) on input line 18.
LaTeX Font Info:    Trying to load font information for U+msa on input line 18.
 (d:/texlive/texlive/2024/texmf-dist/tex/latex/amsfonts/umsa.fd
File: umsa.fd 2013/01/14 v3.01 AMS symbols A
)
LaTeX Font Info:    Trying to load font information for U+msb on input line 18.
 (d:/texlive/texlive/2024/texmf-dist/tex/latex/amsfonts/umsb.fd
File: umsb.fd 2013/01/14 v3.01 AMS symbols B
)
LaTeX Font Info:    Trying to load font information for U+rsfs on input line 18.
 (d:/texlive/texlive/2024/texmf-dist/tex/latex/jknapltx/ursfs.fd
File: ursfs.fd 1998/03/24 rsfs font definition file (jk)
) (d:/texlive/texlive/2024/texmf-dist/tex/generic/ctex/zhmap/ctex-zhmap-windows.tex
File: ctex-zhmap-windows.tex 2022/07/14 v2.5.10 Windows font map loader for pdfTeX and DVIPDFMx (CTEX)
{d:/texlive/texlive/2024/texmf-var/fonts/map/pdftex/updmap/pdftex.map}{UGBK.sfd}{Unicode.sfd}) [1


]
Underfull \hbox (badness 10000) in paragraph at lines 26--28

 []

[1] (./Real Analysis Notes.toc)
\tf@toc=\write4
\openout4 = `"Real Analysis Notes.toc"'.

 [1

]
Á¨¨‰∏ÄÁ´†
Package CJKpunct Info: use punctuation spaces for family 'zhkai' with punctstyle (quanjiao) on input line 47.

pdfTeX warning (ext4): destination with the same identifier (name{page.1}) has been already used, duplicate ignored
<to be read again> 
                   \relax 
l.76 \end{proof}
                 [1

] [2] [3] [4]
Overfull \hbox (30.25215pt too wide) in paragraph at lines 181--184
\C70/rm/m/it/12/82 Â$\OT1/cmr/m/n/12 (\OML/cmm/m/it/12 X; \OMS/cmsy/m/n/12 ^^T[]\OT1/cmr/m/n/12 )\OML/cmm/m/it/12 ; \OMS/cmsy/m/n/12 8\OML/cmm/m/it/12 ^^^ \OMS/cmsy/m/n/12 6\OT1/cmr/m/n/12 = \OML/cmm/m/it/12 E \OMS/cmsy/m/n/12 ^^Z \OML/cmm/m/it/12 X; E[] \OMS/cmsy/m/n/12 ^^T[] []$ 
 []


Overfull \hbox (53.89468pt too wide) in paragraph at lines 204--275
\OML/cmm/m/it/12 X[][] 
 []


Overfull \hbox (87.82684pt too wide) in paragraph at lines 204--275
[]\OMS/cmsy/m/n/12 9\OML/cmm/m/it/12 y \OMS/cmsy/m/n/12 2 \OML/cmm/m/it/12 X;  y \OMS/cmsy/m/n/12 ^^W \OML/cmm/m/it/12 x [] E \OMS/cmsy/m/n/12 [ [] [][] 
 []


Overfull \hbox (65.20132pt too wide) in paragraph at lines 204--275
[]\OMS/cmsy/m/n/12 W \OT1/cmr/m/n/12 = [] []\OMS/cmsy/m/n/12 W[][] 
 []

[5] [6] [7]
Overfull \hbox (17.32458pt too wide) in paragraph at lines 280--287
\C70/rm/m/it/12/82 Â$\OML/cmm/m/it/12 card\OT1/cmr/m/n/12 (\OML/cmm/m/it/12 X\OT1/cmr/m/n/12 ) \OMS/cmsy/m/n/12 ^^T \OML/cmm/m/it/12 card\OT1/cmr/m/n/12 (\OML/cmm/m/it/12 Y\OT1/cmr/m/n/12 )$\C70/rm/m/it/12/4f F$\OML/cmm/m/it/12 card\OT1/cmr/m/n/12 (\OML/cmm/m/it/12 X\OT1/cmr/m/n/12 ) = \OML/cmm/m/it/12 card\OT1/cmr/m/n/12 (\OML/cmm/m/it/12 Y\OT1/cmr/m/n/12 )$\C70/rm/m/it/12/4e ^^M \C70/rm/m/it/12/62 ^^P \C70/rm/m/it/12/7a À|\C70/rm/m/it/12/ff ^^L| \C70/rm/m/it/12/52 ^^Y \C70/rm/m/it/12/8b ∞ \C70/rm/m/it/12/4f \$\OML/cmm/m/it/12 card\OT1/cmr/m/n/12 (\OML/cmm/m/it/12 X\OT1/cmr/m/n/12 ) \OML/cmm/m/it/12 < card\OT1/cmr/m/n/12 (\OML/cmm/m/it/12 Y\OT1/cmr/m/n/12 )$ 
 []


Overfull \hbox (17.32458pt too wide) in paragraph at lines 280--287
\C70/rm/m/it/12/82 Â$\OML/cmm/m/it/12 card\OT1/cmr/m/n/12 (\OML/cmm/m/it/12 X\OT1/cmr/m/n/12 ) \OMS/cmsy/m/n/12 ^^U \OML/cmm/m/it/12 card\OT1/cmr/m/n/12 (\OML/cmm/m/it/12 Y\OT1/cmr/m/n/12 )$\C70/rm/m/it/12/4f F$\OML/cmm/m/it/12 card\OT1/cmr/m/n/12 (\OML/cmm/m/it/12 X\OT1/cmr/m/n/12 ) = \OML/cmm/m/it/12 card\OT1/cmr/m/n/12 (\OML/cmm/m/it/12 Y\OT1/cmr/m/n/12 )$\C70/rm/m/it/12/4e ^^M \C70/rm/m/it/12/62 ^^P \C70/rm/m/it/12/7a À|\C70/rm/m/it/12/ff ^^L| \C70/rm/m/it/12/52 ^^Y \C70/rm/m/it/12/8b ∞ \C70/rm/m/it/12/4f \$\OML/cmm/m/it/12 card\OT1/cmr/m/n/12 (\OML/cmm/m/it/12 X\OT1/cmr/m/n/12 ) \OML/cmm/m/it/12 > card\OT1/cmr/m/n/12 (\OML/cmm/m/it/12 Y\OT1/cmr/m/n/12 )$ 
 []

[8] [9] [10] [11] [12] [13] [14]
Á¨¨‰∫åÁ´†

Package hyperref Warning: Token not allowed in a PDF string (Unicode):
(hyperref)                removing `math shift' on input line 491.


Package hyperref Warning: Token not allowed in a PDF string (Unicode):
(hyperref)                removing `\sigma' on input line 491.


Package hyperref Warning: Token not allowed in a PDF string (Unicode):
(hyperref)                removing `math shift' on input line 491.

[15

] [16] [17] [18] [19] [20]
Overfull \hbox (22.15686pt too wide) in paragraph at lines 709--718
\C70/rm/m/n/12/52 ^^Y$\OT1/cmr/m/n/12 ([][] \OML/cmm/m/it/12 A[]\OT1/cmr/m/n/12 )[] = [][]([][] \OML/cmm/m/it/12 B[]\OT1/cmr/m/n/12 ) = [] []$ 
 []


Overfull \hbox (10.00674pt too wide) in paragraph at lines 724--729
[]\C70/rm/bx/n/12/5b ö \C70/rm/bx/n/12/4e I \OT1/cmr/bx/n/12 2.2.1. \C70/rm/m/it/12/8b æ$\OML/cmm/m/it/12 X$\C70/rm/m/it/12/4e : ^^@ * \C70/rm/m/it/12/91 M \C70/rm/m/it/12/59 ^^G$\OML/cmm/m/it/12 ^^[$\OT1/cmr/m/it/12 -\C70/rm/m/it/12/4e „ \C70/rm/m/it/12/65 p$\OMS/cmsy/m/n/12 M$\C70/rm/m/it/12/76 Ñ \C70/rm/m/it/12/96 ∆ \C70/rm/m/it/12/54 ^^H|\C70/rm/m/it/12/ff ^^L| $\OMS/cmsy/m/n/12 M$\C70/rm/m/it/12/4e 
 \C70/rm/m/it/12/76 Ñ \C70/rm/m/it/12/6d K \C70/rm/m/it/12/5e ¶ \C70/rm/m/it/12/66 /$\OMS/cmsy/m/n/12 M ! \OT1/cmr/m/n/12 [0\OML/cmm/m/it/12 ; \OT1/cmr/m/n/12 +\OMS/cmsy/m/n/12 1\OT1/cmr/m/n/12 ]$\C70/rm/m/it/12/76 Ñ
 []

[21] [22] [23] [24] [25]
Overfull \hbox (12.0838pt too wide) in paragraph at lines 857--861
\C70/rm/m/it/12/82 Â$\OML/cmm/m/it/12 ^^V[]$\C70/rm/m/it/12/66 /$\OML/cmm/m/it/12 X$\C70/rm/m/it/12/4e 
 \C70/rm/m/it/12/76 Ñ \C70/rm/m/it/12/4e ^^@ * \C70/rm/m/it/12/59 ^^V \C70/rm/m/it/12/6d K \C70/rm/m/it/12/5e ¶|\C70/rm/m/it/12/ff ^^L| \C70/rm/m/it/12/62 @ \C70/rm/m/it/12/67 	$\OML/cmm/m/it/12 ^^V[]$\OT1/cmr/m/it/12 -\C70/rm/m/it/12/53 Ô \C70/rm/m/it/12/6d K \C70/rm/m/it/12/96 ∆ \C70/rm/m/it/12/67 Ñ \C70/rm/m/it/12/62 ^^P \C70/rm/m/it/12/76 Ñ \C70/rm/m/it/12/96 ∆ \C70/rm/m/it/12/54 ^^H$ \OMS/cmsy/m/n/12 M$\C70/rm/m/it/12/66 /$\OML/cmm/m/it/12 ^^[$\OT1/cmr/m/it/12 -\C70/rm/m/it/12/4e „ \C70/rm/m/it/12/65 p|\C70/rm/m/it/12/ff ^^L| $\OML/cmm/m/it/12 ^^V[]$\C70/rm/m/it/12/57 ($\OMS/cmsy/m/n/12 M$\C70/rm/m/it/12/4e 

 []

[26]
Overfull \hbox (6.64609pt too wide) in paragraph at lines 887--892
\C70/rm/m/it/12/8b æ$[][]$\C70/rm/m/it/12/66 /$\OMS/cmsy/m/n/12 A$\C70/rm/m/it/12/4e - \C70/rm/m/it/12/76 Ñ \C70/rm/m/it/12/4e ^^@ \C70/rm/m/it/12/52 ^^W \C70/rm/m/it/12/4e ^^M § \C70/rm/m/it/12/96 ∆|\C70/rm/m/it/12/ff ^^L| \C70/rm/m/it/12/5e v \C70/rm/m/it/12/4e ^^T$[][] \OML/cmm/m/it/12 A[] \OMS/cmsy/m/n/12 2 A$|\C70/rm/m/it/12/ff ^^L| \C70/rm/m/it/12/52 ^^Y$\OML/cmm/m/it/12 ^^V[]\OT1/cmr/m/n/12 ([][] \OML/cmm/m/it/12 A[]\OT1/cmr/m/n/12 ) = [][] \OML/cmm/m/it/12 ^^V[]\OT1/cmr/m/n/12 (\OML/cmm/m/it/12 A[]\OT1/cmr/m/n/12 )$ 
 []


Overfull \hbox (1.92564pt too wide) in paragraph at lines 916--922
\OML/cmm/m/it/12 ^^V\OT1/cmr/m/n/12 (\OML/cmm/m/it/12 E\OT1/cmr/m/n/12 )$ $\OMS/cmsy/m/n/12 8\OML/cmm/m/it/12 E \OMS/cmsy/m/n/12 2 M$\C70/rm/m/it/12/51 v \C70/rm/m/it/12/4e - \C70/rm/m/it/12/7b I \C70/rm/m/it/12/53 ˜ \C70/rm/m/it/12/57 ($\OML/cmm/m/it/12 ^^V\OT1/cmr/m/n/12 (\OML/cmm/m/it/12 E\OT1/cmr/m/n/12 ) \OML/cmm/m/it/12 < \OT1/cmr/m/n/12 +\OMS/cmsy/m/n/12 1$\C70/rm/m/it/12/65 ˆ \C70/rm/m/it/12/62 ^^P \C70/rm/m/it/12/7a À|\C70/rm/m/it/12/ff ^^L| \C70/rm/m/it/12/82 Â$\OML/cmm/m/it/12 ^^V[]$\C70/rm/m/it/12/66 /$\OML/cmm/m/it/12 ^^[$\OT1/cmr/m/it/12 -\C70/rm/m/it/12/67 	 \C70/rm/m/it/12/96 P \C70/rm/m/it/12/76 Ñ|\C70/rm/m/it/12/ff ^^L| \C70/rm/m/it/12/52 ^^Y$\OML/cmm/m/it/12 ^^V$\C70/rm/m/it/12/66 /$\OML/cmm/m/it/12 ^^V[]$\C70/rm/m/it/12/57 ( 
 []

[27]

Package hyperref Warning: Token not allowed in a PDF string (Unicode):
(hyperref)                removing `math shift' on input line 944.


Package hyperref Warning: Token not allowed in a PDF string (Unicode):
(hyperref)                removing `math shift' on input line 944.


Overfull \hbox (24.04471pt too wide) in paragraph at lines 946--953
\C70/rm/m/n/12/8f ﬁ \C70/rm/m/n/12/7e Ì \C70/rm/m/n/12/51 ˝ \C70/rm/m/n/12/65 p $\OT1/cmr/m/n/12 ((\OMS/cmsy/m/n/12 ^^@1\OML/cmm/m/it/12 ; x\OT1/cmr/m/n/12 ] = [][](\OMS/cmsy/m/n/12 ^^@1\OML/cmm/m/it/12 ; x[]\OT1/cmr/m/n/12 ]\OML/cmm/m/it/12 ; x[][]x; F\OT1/cmr/m/n/12 (\OML/cmm/m/it/12 x\OT1/cmr/m/n/12 ) = \OML/cmm/m/it/12 ^^V\OT1/cmr/m/n/12 ((\OMS/cmsy/m/n/12 ^^@1\OML/cmm/m/it/12 ; x\OT1/cmr/m/n/12 ]) =
 []


Overfull \hbox (26.29385pt too wide) in paragraph at lines 946--953
\OML/cmm/m/it/12 ^^V\OT1/cmr/m/n/12 ([][](\OMS/cmsy/m/n/12 ^^@1\OML/cmm/m/it/12 ; x[]\OT1/cmr/m/n/12 ]) = [][] \OML/cmm/m/it/12 ^^V\OT1/cmr/m/n/12 ((\OMS/cmsy/m/n/12 ^^@1\OML/cmm/m/it/12 ; x[]\OT1/cmr/m/n/12 ]) = [][] \OML/cmm/m/it/12 F\OT1/cmr/m/n/12 (\OML/cmm/m/it/12 x[]\OT1/cmr/m/n/12 )\OML/cmm/m/it/12 ; []F[]\OT1/cmr/m/n/12 )$ 
 []


Underfull \hbox (badness 10000) in paragraph at lines 946--953

 []

[28] [29]
Overfull \hbox (2.1465pt too wide) in paragraph at lines 997--1009
[]\C70/rm/bx/n/12/5b ö \C70/rm/bx/n/12/74 ^^F \OT1/cmr/bx/n/12 2.4.2. \C70/rm/m/it/12/82 Â$\OML/cmm/m/it/12 F \OT1/cmr/m/n/12 : \U/msb/m/n/12 R \OMS/cmsy/m/n/12 ! \U/msb/m/n/12 R$\C70/rm/m/it/12/66 / \C70/rm/m/it/12/4e ˚ \C70/rm/m/it/12/61 ^^O \C70/rm/m/it/12/90 ^^R \C70/rm/m/it/12/58 û \C70/rm/m/it/12/53 Û \C70/rm/m/it/12/8f ﬁ \C70/rm/m/it/12/7e Ì \C70/rm/m/it/12/51 ˝ \C70/rm/m/it/12/65 p|\C70/rm/m/it/12/ff ^^L| \C70/rm/m/it/12/52 ^^Y \C70/rm/m/it/12/5b X \C70/rm/m/it/12/57 ( \C70/rm/m/it/12/55 / \C70/rm/m/it/12/4e ^^@$\U/msb/m/n/12 R$\C70/rm/m/it/12/4e 
 \C70/rm/m/it/12/76 Ñ\OT1/cmr/m/it/12 Borel\C70/rm/m/it/12/6d K
 []

[30]
Underfull \hbox (badness 10000) in paragraph at lines 1017--1022

 []


Overfull \hbox (3.82413pt too wide) in paragraph at lines 1040--1054
\C70/rm/m/n/12/99 ñ \C70/rm/m/n/12/51 H \C70/rm/m/n/12/8b æ$\OML/cmm/m/it/12 E$\C70/rm/m/n/12/67 	 \C70/rm/m/n/12/75 L|\C70/rm/m/n/12/ff ^^L| \C70/rm/m/n/12/82 Â$\OML/cmm/m/it/12 E$\C70/rm/m/n/12/66 / \C70/rm/m/n/12/95 Ì \C70/rm/m/n/12/96 ∆|\C70/rm/m/n/12/ff ^^L| \C70/rm/m/n/12/52 ^^Y \C70/rm/m/n/12/4e _ \C70/rm/m/n/12/66 / \C70/rm/m/n/12/7d ' \C70/rm/m/n/12/96 ∆|\C70/rm/m/n/12/ff ^^L| \C70/rm/m/n/12/7b I \C70/rm/m/n/12/5f ^^O \C70/rm/m/n/12/81 Í \C70/rm/m/n/12/71 6 \C70/rm/m/n/12/62 ^^P \C70/rm/m/n/12/7a À|\C70/rm/m/n/12/ff ^^L| \C70/rm/m/n/12/54 & \C70/rm/m/n/12/52 ^^Y|\C70/rm/m/n/12/ff ^^L| $\OMS/cmsy/m/n/12 8\OML/cmm/m/it/12 ^^O > \OT1/cmr/m/n/12 0\OML/cmm/m/it/12 ; \OMS/cmsy/m/n/12 9$\C70/rm/m/n/12/5f ^^@
 []

[31] [32]
Overfull \hbox (9.95613pt too wide) in paragraph at lines 1098--1110
[]\C70/rm/m/n/12/99 ñ \C70/rm/m/n/12/51 H \C70/rm/m/n/12/53 ÿ \C70/rm/m/n/12/63 b$\OML/cmm/m/it/12 E \OMS/cmsy/m/n/12 7! \OML/cmm/m/it/12 E \OT1/cmr/m/n/12 + \OML/cmm/m/it/12 s; E \OMS/cmsy/m/n/12 7! \OML/cmm/m/it/12 rE$\C70/rm/m/n/12/66 / \C70/rm/m/n/12/4f › \C70/rm/m/n/12/63 ^^A$\OMS/cmsy/m/n/12 A$\C70/rm/m/n/12/76 Ñ \C70/rm/m/n/12/53 Ã \C70/rm/m/n/12/5c ^^D\OT1/cmr/m/n/12 ($\OML/cmm/m/it/12 r \OT1/cmr/m/n/12 = 0$\C70/rm/m/n/12/65 ˆ \C70/rm/m/n/12/66 ^^N > \C70/rm/m/n/12/4f › \C70/rm/m/n/12/63 ^^A\OT1/cmr/m/n/12 Borel\C70/rm/m/n/12/96 ∆|\C70/rm/m/n/12/ff ^^L|
 []

[33] [34]
Underfull \hbox (badness 10000) in paragraph at lines 1141--1166

 []


Overfull \hbox (20.20792pt too wide) in paragraph at lines 1167--1170
\C70/rm/m/it/12/6c Ë \C70/rm/m/it/12/61 ^^O\OT1/cmr/m/it/12 Cantor\C70/rm/m/it/12/96 ∆ \C70/rm/m/it/12/7b I \C70/rm/m/it/12/4e ˜ é$\OT1/cmr/m/n/12 [0\OML/cmm/m/it/12 ; \OT1/cmr/m/n/12 1]$\C70/rm/m/it/12/53 ª \C70/rm/m/it/12/63 â \C70/rm/m/it/12/5f b \C70/rm/m/it/12/59 Ç$\OT1/cmr/m/n/12 (0\OML/cmm/m/it/12 :a[] [] a[]\OT1/cmr/m/n/12 1\OML/cmm/m/it/12 ;  \OT1/cmr/m/n/12 0\OML/cmm/m/it/12 :a[] [] a[]\OT1/cmr/m/n/12 2)$\C70/rm/m/it/12/76 Ñ \C70/rm/m/it/12/5f ^^@ \C70/rm/m/it/12/53 : \C70/rm/m/it/12/95 Ù|\C70/rm/m/it/12/ff ^^L| \C70/rm/m/it/12/51 v \C70/rm/m/it/12/4e -$\OML/cmm/m/it/12 a[] \OMS/cmsy/m/n/12 6\OT1/cmr/m/n/12 =
 []


Underfull \hbox (badness 10000) in paragraph at lines 1167--1170

 []

[35] [36] [37]
Á¨¨‰∏âÁ´†

Overfull \hbox (4.09416pt too wide) in paragraph at lines 1204--1207
\C70/rm/m/n/12/4e ^^T$\OML/cmm/m/it/12 f[]$\C70/rm/m/n/12/4e ^^N \C70/rm/m/n/12/5e v|\C70/rm/m/n/12/ff ^^L| \C70/rm/m/n/12/4e §|\C70/rm/m/n/12/ff ^^L| \C70/rm/m/n/12/88 e \C70/rm/m/n/12/53 Ô \C70/rm/m/n/12/63 b \C70/rm/m/n/12/5e è|\C70/rm/m/n/12/30 ^^B| \C70/rm/m/n/12/4e Œ \C70/rm/m/n/12/80 ^^L|\C70/rm/m/n/12/ff ^^L| $\OMS/cmsy/m/n/12 N ^^Z P\OT1/cmr/m/n/12 (\OML/cmm/m/it/12 Y\OT1/cmr/m/n/12 )$\C70/rm/m/n/12/4e :$\OML/cmm/m/it/12 ^^[$\OT1/cmr/m/n/12 -\C70/rm/m/n/12/4e „ \C70/rm/m/n/12/65 p$\OMS/cmsy/m/n/12 ) []$
 []


Overfull \hbox (3.36937pt too wide) in paragraph at lines 1230--1232
[]\C70/rm/m/n/12/8b æ$\OT1/cmr/m/n/12 (\OML/cmm/m/it/12 X; \OMS/cmsy/m/n/12 M\OT1/cmr/m/n/12 )$\C70/rm/m/n/12/66 / \C70/rm/m/n/12/53 Ô \C70/rm/m/n/12/6d K \C70/rm/m/n/12/7a z \C70/rm/m/n/12/95 Ù|\C70/rm/m/n/12/ff ^^L| \C70/rm/m/n/12/82 Â$\OML/cmm/m/it/12 X$\C70/rm/m/n/12/4e 
 \C70/rm/m/n/12/76 Ñ \C70/rm/m/n/12/5b û \C70/rm/m/n/12/50 < \C70/rm/m/n/12/62 ^^V \C70/rm/m/n/12/59 ^^M \C70/rm/m/n/12/50 < \C70/rm/m/n/12/51 ˝ \C70/rm/m/n/12/65 p$\OML/cmm/m/it/12 f$\C70/rm/m/n/12/66 /$\OT1/cmr/m/n/12 (\OMS/cmsy/m/n/12 M\OML/cmm/m/it/12 ; \OMS/cmsy/m/n/12 B[]\OT1/cmr/m/n/12 )$\C70/rm/m/n/12/62 ^^V$\OT1/cmr/m/n/12 (\OMS/cmsy/m/n/12 M\OML/cmm/m/it/12 ; \OMS/cmsy/m/n/12 B[]\OT1/cmr/m/n/12 )$
 []

[38

]
Underfull \hbox (badness 10000) in paragraph at lines 1240--1247

 []

[39]
Overfull \hbox (49.78314pt too wide) in paragraph at lines 1274--1277
[]\C70/rm/m/n/12/62 i \C70/rm/m/n/12/5c U \C70/rm/m/n/12/5b û \C70/rm/m/n/12/65 p \C70/rm/m/n/12/7c ˚$[] \OT1/cmr/m/n/12 = \U/msb/m/n/12 R \OMS/cmsy/m/n/12 [ []$|\C70/rm/m/n/12/ff ^^L| \C70/rm/m/n/12/5b ö \C70/rm/m/n/12/4e I$[]$
 \C70/rm/m/n/12/76 Ñ\OT1/cmr/m/n/12 Borel\C70/rm/m/n/12/96 ∆$\OMS/cmsy/m/n/12 B[] \OT1/cmr/m/n/12 = []$
 []

[40] [41] [42] [43] [44] [45] [46] [47] [48] [49]
Overfull \hbox (22.74324pt too wide) in paragraph at lines 1632--1637
\OML/cmm/m/it/12 L[]\OT1/cmr/m/n/12 ([])$\C70/rm/m/n/12/52 0$\OML/cmm/m/it/12 L[]\OT1/cmr/m/n/12 (\OML/cmm/m/it/12 ^^V\OT1/cmr/m/n/12 )$\C70/rm/m/n/12/76 Ñ \C70/rm/m/n/12/53 U \C70/rm/m/n/12/5c ^^D|\C70/rm/m/n/12/ff ^^L| \C70/rm/m/n/12/56 ‡ \C70/rm/m/n/12/6b d \C70/rm/m/n/12/53 Ô \C70/rm/m/n/12/4e Â \C70/rm/m/n/12/8b § \C70/rm/m/n/12/4e : \C70/rm/m/n/12/8f Ÿ \C70/rm/m/n/12/4e $ * \C70/rm/m/n/12/7a z \C70/rm/m/n/12/95 Ù \C70/rm/m/n/12/66 / \C70/rm/m/n/12/76 ¯ \C70/rm/m/n/12/54 ^^L \C70/rm/m/n/12/76 Ñ\OT1/cmr/m/n/12 (?)|\C70/rm/m/n/12/ff ^^[| \OT1/cmr/m/n/12 2.\C70/rm/m/n/12/57 ( \C70/rm/m/n/12/5e ¶ \C70/rm/m/n/12/91 œ$\OML/cmm/m/it/12 ^^Z\OT1/cmr/m/n/12 (\OML/cmm/m/it/12 f; g\OT1/cmr/m/n/12 ) =
 []

[50] [51]
Overfull \hbox (25.17448pt too wide) in paragraph at lines 1701--1708
[][] []\OML/cmm/m/it/12 f\OT1/cmr/m/n/12 (\OML/cmm/m/it/12 x; t[]\OT1/cmr/m/n/12 )\OML/cmm/m/it/12 d^^V$|\C70/rm/m/n/12/ff ^^L| \C70/rm/m/n/12/51 v \C70/rm/m/n/12/4e -$[] \OT1/cmr/m/n/12 = [][] []\OML/cmm/m/it/12 d^^V\OT1/cmr/m/n/12 (\OML/cmm/m/it/12 x\OT1/cmr/m/n/12 )$|\C70/rm/m/n/12/ff ^^L| \C70/rm/m/n/12/4e ‰$\OML/cmm/m/it/12 h[]\OT1/cmr/m/n/12 (\OML/cmm/m/it/12 x\OT1/cmr/m/n/12 ) = []$ 
 []


Overfull \hbox (25.10155pt too wide) in paragraph at lines 1701--1708
\C70/rm/m/n/12/4e é \C70/rm/m/n/12/66 /$\OML/cmm/m/it/12 h[]$\C70/rm/m/n/12/53 Ô \C70/rm/m/n/12/6d K|\C70/rm/m/n/12/ff ^^L| \C70/rm/m/n/12/90 ^^P \C70/rm/m/n/12/70 π \C70/rm/m/n/12/65 6 [ \C70/rm/m/n/12/4e é$[]\OT1/cmr/m/n/12 (\OML/cmm/m/it/12 x; t[]\OT1/cmr/m/n/12 )$|\C70/rm/m/n/12/ff ^^L| \C70/rm/m/n/12/4e ^^T$\OMS/cmsy/m/n/12 j\OML/cmm/m/it/12 h[]\OT1/cmr/m/n/12 (\OML/cmm/m/it/12 x\OT1/cmr/m/n/12 )\OMS/cmsy/m/n/12 j \OT1/cmr/m/n/12 = \OMS/cmsy/m/n/12 j[]\OT1/cmr/m/n/12 (\OML/cmm/m/it/12 x; ^^X[]\OT1/cmr/m/n/12 )\OMS/cmsy/m/n/12 j ^^T [][] j[]\OT1/cmr/m/n/12 (\OML/cmm/m/it/12 x; t\OT1/cmr/m/n/12 )\OMS/cmsy/m/n/12 j ^^T
 []


Overfull \hbox (40.44836pt too wide) in paragraph at lines 1701--1708
\OML/cmm/m/it/12 g\OT1/cmr/m/n/12 (\OML/cmm/m/it/12 x\OT1/cmr/m/n/12 )$|\C70/rm/m/n/12/ff ^^L| \C70/rm/m/n/12/75 1 \C70/rm/m/n/12/63 ß \C70/rm/m/n/12/52 6 \C70/rm/m/n/12/65 6 [ \C70/rm/m/n/12/5b ö \C70/rm/m/n/12/74 ^^F|\C70/rm/m/n/12/ff ^^L| $[]\OT1/cmr/m/n/12 (\OML/cmm/m/it/12 x; t[]\OT1/cmr/m/n/12 )$\C70/rm/m/n/12/53 Ô \C70/rm/m/n/12/6d K|\C70/rm/m/n/12/ff ^^L| \C70/rm/m/n/12/4e ^^T$[] \OT1/cmr/m/n/12 = [][] \OML/cmm/m/it/12 h[]d^^V \OMS/cmsy/m/n/12 ! [][] []\OT1/cmr/m/n/12 (\OML/cmm/m/it/12 x; t[]\OT1/cmr/m/n/12 )\OML/cmm/m/it/12 d^^V\OT1/cmr/m/n/12 (\OML/cmm/m/it/12 x\OT1/cmr/m/n/12 )$
 []

[52]
Overfull \hbox (2.1018pt too wide) in paragraph at lines 1711--1717
\OML/cmm/m/it/12 S[]f \OT1/cmr/m/n/12 := [][] \OML/cmm/m/it/12 M[]\OT1/cmr/m/n/12 (\OML/cmm/m/it/12 t[] \OMS/cmsy/m/n/12 ^^@ \OML/cmm/m/it/12 t[]\OT1/cmr/m/n/12 )\OML/cmm/m/it/12 ; s[] \OT1/cmr/m/n/12 := [][] \OML/cmm/m/it/12 m[]\OT1/cmr/m/n/12 (\OML/cmm/m/it/12 t[] \OMS/cmsy/m/n/12 ^^@ \OML/cmm/m/it/12 t[]\OT1/cmr/m/n/12 )$|\C70/rm/m/it/12/ff ^^L| \C70/rm/m/it/12/51 v \C70/rm/m/it/12/4e -$\OML/cmm/m/it/12 M[] \OT1/cmr/m/n/12 = [][] \OML/cmm/m/it/12 f\OT1/cmr/m/n/12 (\OML/cmm/m/it/12 x\OT1/cmr/m/n/12 )$
 []


Overfull \hbox (5.92221pt too wide) in paragraph at lines 1723--1734
[]\OT1/cmr/m/n/12 a.\C70/rm/m/n/12/8b æ$\OML/cmm/m/it/12 f$\C70/rm/m/n/12/4e :$\OT1/cmr/m/n/12 [\OML/cmm/m/it/12 a; b\OT1/cmr/m/n/12 ]$\C70/rm/m/n/12/4e 
 \C70/rm/m/n/12/76 Ñ \C70/rm/m/n/12/9e Œ \C70/rm/m/n/12/66 ¸ \C70/rm/m/n/12/53 Ô \C70/rm/m/n/12/79 Ô \C70/rm/m/n/12/51 ˝ \C70/rm/m/n/12/65 p|\C70/rm/m/n/12/ff ^^L| $\OML/cmm/m/it/12 P \OT1/cmr/m/n/12 = [][] \OML/cmm/m/it/12 ; G[] \OT1/cmr/m/n/12 = [][] \OML/cmm/m/it/12 M[]\OMS/cmsy/m/n/12 X[]\OML/cmm/m/it/12 g[] \OT1/cmr/m/n/12 =
 []


Overfull \hbox (4.03082pt too wide) in paragraph at lines 1723--1734
\C70/rm/m/n/12/4e é \C70/rm/m/n/12/66 /$\OML/cmm/m/it/12 G[]; g[]$\C70/rm/m/n/12/52 ^^F + \C70/rm/m/n/12/4e : \C70/rm/m/n/12/53 U \C70/rm/m/n/12/8c ^^C \C70/rm/m/n/12/90 ^^R \C70/rm/m/n/12/51 œ \C70/rm/m/n/12/54 å \C70/rm/m/n/12/53 U \C70/rm/m/n/12/8c ^^C \C70/rm/m/n/12/90 ^^R \C70/rm/m/n/12/58 û \C70/rm/m/n/12/51 ˝ \C70/rm/m/n/12/65 p\OT1/cmr/m/n/12 ,$[][] \OML/cmm/m/it/12 G[]dx \OT1/cmr/m/n/12 = [][] \OML/cmm/m/it/12 M[]\OT1/cmr/m/n/12 (\OML/cmm/m/it/12 t[] \OMS/cmsy/m/n/12 ^^@ \OML/cmm/m/it/12 t[]\OT1/cmr/m/n/12 ) =
 []

[53]
Overfull \hbox (13.32452pt too wide) in paragraph at lines 1738--1753
\C70/rm/m/n/12/7e ¸ \C70/rm/m/n/12/4e 
|\C70/rm/m/n/12/ff ^^L| $\OML/cmm/m/it/12 H\OT1/cmr/m/n/12 (\OML/cmm/m/it/12 x\OT1/cmr/m/n/12 ) = [] [][] []$|\C70/rm/m/n/12/ff ^^L| \C70/rm/m/n/12/54 ^^L \C70/rm/m/n/12/74 ^^F$\OML/cmm/m/it/12 h\OT1/cmr/m/n/12 (\OML/cmm/m/it/12 x\OT1/cmr/m/n/12 ) = [] [][] []$
 []


Overfull \hbox (1.90106pt too wide) in paragraph at lines 1755--1759
[]\C70/rm/bx/n/12/5f ^^U \C70/rm/bx/n/12/74 ^^F \OT1/cmr/bx/n/12 3.3.14. \OT1/cmr/m/it/12 2. \C70/rm/m/it/12/6c ø \C70/rm/m/it/12/75 ( \C70/rm/m/it/12/5b ö \C70/rm/m/it/12/74 ^^F\OT1/cmr/m/it/12 3.3.12.a\C70/rm/m/it/12/76 Ñ \C70/rm/m/it/12/8b ∞ \C70/rm/m/it/12/53 ˜|\C70/rm/m/it/12/ff ^^L| $\OML/cmm/m/it/12 H \OT1/cmr/m/n/12 = \OML/cmm/m/it/12 G a:e:; h \OT1/cmr/m/n/12 = \OML/cmm/m/it/12 g a:e:$\C70/rm/m/it/12/56 ‡ \C70/rm/m/it/12/6b d$\OML/cmm/m/it/12 H; G$\C70/rm/m/it/12/57 G
 []

[54] [55] (./Real Analysis Notes.aux)
 ***********
LaTeX2e <2023-11-01> patch level 1
L3 programming layer <2022/07/14>
 ***********
Package rerunfilecheck Info: File `"Real Analysis Notes".out' has not changed.
(rerunfilecheck)             Checksum: DA7151F7E524D2BDAE53B220732C1834;1139.
 ) 
Here is how much of TeX's memory you used:
 16123 strings out of 474116
 278214 string characters out of 5743693
 1956190 words of memory out of 5000000
 37518 multiletter control sequences out of 15000+600000
 675719 words of font info for 470 fonts, out of 8000000 for 9000
 1141 hyphenation exceptions out of 8191
 80i,14n,83p,834b,822s stack positions out of 10000i,1000n,20000p,200000b,200000s
<c:/Windows/Fonts/simsun.ttc><c:/Windows/Fonts/simkai.ttf><c:/Windows/Fonts/simhei.ttf><c:/Windows/Fonts/simhei.ttf><c:/Windows/Fonts/simhei.ttf><c:/Windows/Fonts/simsun.ttc><c:/Windows/Fonts/simkai.ttf><c:/Windows/Fonts/simkai.ttf><c:/Windows/Fonts/simsun.ttc><c:/Windows/Fonts/simsun.ttc><c:/Windows/Fonts/simkai.ttf><c:/Windows/Fonts/simkai.ttf><c:/Windows/Fonts/simsun.ttc><c:/Windows/Fonts/simkai.ttf><c:/Windows/Fonts/simkai.ttf><c:/Windows/Fonts/simsun.ttc><c:/Windows/Fonts/simsun.ttc><c:/Windows/Fonts/simsun.ttc><c:/Windows/Fonts/simsun.ttc><c:/Windows/Fonts/simkai.ttf><c:/Windows/Fonts/simhei.ttf><c:/Windows/Fonts/simkai.ttf><c:/Windows/Fonts/simkai.ttf><c:/Windows/Fonts/simsun.ttc><c:/Windows/Fonts/simkai.ttf><c:/Windows/Fonts/simkai.ttf><c:/Windows/Fonts/simsun.ttc><c:/Windows/Fonts/simkai.ttf><c:/Windows/Fonts/simkai.ttf><c:/Windows/Fonts/simkai.ttf><c:/Windows/Fonts/simkai.ttf><c:/Windows/Fonts/simsun.ttc><c:/Windows/Fonts/simsun.ttc><c:/Windows/Fonts/simsun.ttc><c:/Windows/Fonts/simsun.ttc><c:/Windows/Fonts/simsun.ttc><c:/Windows/Fonts/simsun.ttc><c:/Windows/Fonts/simsun.ttc><c:/Windows/Fonts/simkai.ttf><c:/Windows/Fonts/simkai.ttf><c:/Windows/Fonts/simsun.ttc><c:/Windows/Fonts/simsun.ttc><c:/Windows/Fonts/simkai.ttf><c:/Windows/Fonts/simsun.ttc><c:/Windows/Fonts/simsun.ttc><c:/Windows/Fonts/simsun.ttc><c:/Windows/Fonts/simsun.ttc><c:/Windows/Fonts/simsun.ttc><c:/Windows/Fonts/simsun.ttc><c:/Windows/Fonts/simsun.ttc><c:/Windows/Fonts/simsun.ttc><c:/Windows/Fonts/simsun.ttc><c:/Windows/Fonts/simsun.ttc><c:/Windows/Fonts/simsun.ttc><c:/Windows/Fonts/simsun.ttc><c:/Windows/Fonts/simsun.ttc><c:/Windows/Fonts/simsun.ttc><c:/Windows/Fonts/simsun.ttc><c:/Windows/Fonts/simsun.ttc><c:/Windows/Fonts/simkai.ttf><c:/Windows/Fonts/simhei.ttf><c:/Windows/Fonts/simkai.ttf><c:/Windows/Fonts/simkai.ttf><c:/Windows/Fonts/simkai.ttf><c:/Windows/Fonts/simhei.ttf><c:/Windows/Fonts/simkai.ttf><c:/Windows/Fonts/simkai.ttf><c:/Windows/Fonts/simkai.ttf><c:/Windows/Fonts/simkai.ttf><c:/Windows/Fonts/simkai.ttf><c:/Windows/Fonts/simkai.ttf><c:/Windows/Fonts/simkai.ttf><c:/Windows/Fonts/simkai.ttf><c:/Windows/Fonts/simkai.ttf><c:/Windows/Fonts/simkai.ttf><c:/Windows/Fonts/simkai.ttf><c:/Windows/Fonts/simkai.ttf><c:/Windows/Fonts/simkai.ttf><c:/Windows/Fonts/simkai.ttf><c:/Windows/Fonts/simkai.ttf><c:/Windows/Fonts/simkai.ttf><c:/Windows/Fonts/simkai.ttf><c:/Windows/Fonts/simkai.ttf><c:/Windows/Fonts/simkai.ttf><c:/Windows/Fonts/simkai.ttf><c:/Windows/Fonts/simhei.ttf><c:/Windows/Fonts/simkai.ttf><c:/Windows/Fonts/simkai.ttf><c:/Windows/Fonts/simsun.ttc><c:/Windows/Fonts/simsun.ttc><c:/Windows/Fonts/simsun.ttc><c:/Windows/Fonts/simsun.ttc><c:/Windows/Fonts/simsun.ttc><c:/Windows/Fonts/simsun.ttc><c:/Windows/Fonts/simsun.ttc><c:/Windows/Fonts/simkai.ttf><c:/Windows/Fonts/simhei.ttf><c:/Windows/Fonts/simsun.ttc><c:/Windows/Fonts/simsun.ttc><c:/Windows/Fonts/simsun.ttc><c:/Windows/Fonts/simsun.ttc><c:/Windows/Fonts/simsun.ttc><c:/Windows/Fonts/simkai.ttf><c:/Windows/Fonts/simkai.ttf><c:/Windows/Fonts/simkai.ttf><c:/Windows/Fonts/simkai.ttf><c:/Windows/Fonts/simkai.ttf><c:/Windows/Fonts/simsun.ttc><c:/Windows/Fonts/simsun.ttc><c:/Windows/Fonts/simsun.ttc><c:/Windows/Fonts/simsun.ttc><c:/Windows/Fonts/simsun.ttc><c:/Windows/Fonts/simsun.ttc><c:/Windows/Fonts/simkai.ttf><c:/Windows/Fonts/simkai.ttf><c:/Windows/Fonts/simkai.ttf><c:/Windows/Fonts/simkai.ttf><c:/Windows/Fonts/simkai.ttf><c:/Windows/Fonts/simkai.ttf><c:/Windows/Fonts/simkai.ttf><c:/Windows/Fonts/simkai.ttf><c:/Windows/Fonts/simkai.ttf><c:/Windows/Fonts/simkai.ttf><c:/Windows/Fonts/simhei.ttf><c:/Windows/Fonts/simhei.ttf><c:/Windows/Fonts/simhei.ttf><c:/Windows/Fonts/simsun.ttc><c:/Windows/Fonts/simsun.ttc><c:/Windows/Fonts/simsun.ttc><c:/Windows/Fonts/simsun.ttc><c:/Windows/Fonts/simsun.ttc><c:/Windows/Fonts/simhei.ttf><c:/Windows/Fonts/simsun.ttc><c:/Windows/Fonts/simsun.ttc><c:/Windows/Fonts/simhei.ttf><c:/Windows/Fonts/simhei.ttf><c:/Windows/Fonts/simsun.ttc><c:/Windows/Fonts/simsun.ttc><c:/Windows/Fonts/simhei.ttf><c:/Windows/Fonts/simhei.ttf><c:/Windows/Fonts/simhei.ttf><c:/Windows/Fonts/simhei.ttf><c:/Windows/Fonts/simhei.ttf><c:/Windows/Fonts/simsun.ttc><c:/Windows/Fonts/simsun.ttc><c:/Windows/Fonts/simsun.ttc><c:/Windows/Fonts/simsun.ttc><c:/Windows/Fonts/simsun.ttc><c:/Windows/Fonts/simsun.ttc><c:/Windows/Fonts/simsun.ttc><c:/Windows/Fonts/simsun.ttc><c:/Windows/Fonts/simhei.ttf><c:/Windows/Fonts/simhei.ttf><c:/Windows/Fonts/simsun.ttc><c:/Windows/Fonts/simsun.ttc><c:/Windows/Fonts/simsun.ttc><c:/Windows/Fonts/simsun.ttc><c:/Windows/Fonts/simsun.ttc><c:/Windows/Fonts/simsun.ttc><c:/Windows/Fonts/simsun.ttc><c:/Windows/Fonts/simsun.ttc><c:/Windows/Fonts/simhei.ttf><c:/Windows/Fonts/simhei.ttf><c:/Windows/Fonts/simhei.ttf><c:/Windows/Fonts/simhei.ttf><c:/Windows/Fonts/simhei.ttf><c:/Windows/Fonts/simhei.ttf><c:/Windows/Fonts/simhei.ttf><c:/Windows/Fonts/simhei.ttf><d:/texlive/texlive/2024/texmf-dist/fonts/type1/public/amsfonts/cm/cmbx12.pfb><d:/texlive/texlive/2024/texmf-dist/fonts/type1/public/amsfonts/cm/cmex10.pfb><d:/texlive/texlive/2024/texmf-dist/fonts/type1/public/amsfonts/cmextra/cmex8.pfb><d:/texlive/texlive/2024/texmf-dist/fonts/type1/public/amsfonts/cm/cmmi12.pfb><d:/texlive/texlive/2024/texmf-dist/fonts/type1/public/amsfonts/cm/cmmi6.pfb><d:/texlive/texlive/2024/texmf-dist/fonts/type1/public/amsfonts/cm/cmmi8.pfb><d:/texlive/texlive/2024/texmf-dist/fonts/type1/public/amsfonts/cm/cmr12.pfb><d:/texlive/texlive/2024/texmf-dist/fonts/type1/public/amsfonts/cm/cmr17.pfb><d:/texlive/texlive/2024/texmf-dist/fonts/type1/public/amsfonts/cm/cmr6.pfb><d:/texlive/texlive/2024/texmf-dist/fonts/type1/public/amsfonts/cm/cmr8.pfb><d:/texlive/texlive/2024/texmf-dist/fonts/type1/public/amsfonts/cm/cmsy10.pfb><d:/texlive/texlive/2024/texmf-dist/fonts/type1/public/amsfonts/cm/cmsy6.pfb><d:/texlive/texlive/2024/texmf-dist/fonts/type1/public/amsfonts/cm/cmsy8.pfb><d:/texlive/texlive/2024/texmf-dist/fonts/type1/public/amsfonts/cm/cmti12.pfb><d:/texlive/texlive/2024/texmf-dist/fonts/type1/public/amsfonts/cm/cmti8.pfb><d:/texlive/texlive/2024/texmf-dist/fonts/type1/public/amsfonts/symbols/msbm10.pfb>
Output written on "Real Analysis Notes.pdf" (58 pages, 1008588 bytes).
PDF statistics:
 1322 PDF objects out of 1440 (max. 8388607)
 982 compressed objects within 10 object streams
 198 named destinations out of 1000 (max. 500000)
 389 words of extra memory for PDF output out of 10000 (max. 10000000)

